<?xml version="1.0" encoding="UTF-8"?>
<!-- Generated by org.testng.reporters.JUnitReportReporter -->
<testsuite skipped="0" hostname="PTD23504" name="com.myntra.com.myntra.test.BagValidation" tests="1" failures="0" timestamp="04 Jul 2018 13:01:14 GMT" time="63.062" errors="0">
  <testcase name="addItem" time="63.062" classname="com.myntra.com.myntra.test.BagValidation"/>
</testsuite> <!-- com.myntra.com.myntra.test.BagValidation -->
